<?xml version="1.0" encoding="UTF-8"?>
<!-- Generated by org.testng.reporters.JUnitReportReporter -->
<testsuite skipped="0" hostname="LAPTOP-UK7PKGHG" name="regressionPack.TC_VerifyLogin" tests="1" failures="0" timestamp="2020-07-04T19:14:34 IST" time="14.703" errors="0">
  <testcase name="logincheck" time="14.703" classname="regressionPack.TC_VerifyLogin"/>
  <system-out/>
</testsuite> <!-- regressionPack.TC_VerifyLogin -->
